Started GET "/" for ::1 at 2025-07-11 12:36:26 +0900
  [1m[35m (1.0ms)[0m  [1m[35mCREATE TABLE "schema_migrations" ("version" varchar NOT NULL PRIMARY KEY) /*application='HelloWorldApp'*/[0m
  [1m[35m (0.1ms)[0m  [1m[35mCREATE TABLE "ar_internal_metadata" ("key" varchar NOT NULL PRIMARY KEY, "value" varchar, "created_at" datetime(6) NOT NULL, "updated_at" datetime(6) NOT NULL) /*application='HelloWorldApp'*/[0m
  [1m[36mActiveRecord::SchemaMigration Load (0.1ms)[0m  [1m[34mSELECT "schema_migrations"."version" FROM "schema_migrations" ORDER BY "schema_migrations"."version" ASC /*application='HelloWorldApp'*/[0m
Processing by HomeController#index as HTML
  Rendering layout layouts/application.html.erb
  Rendering home/index.html.erb within layouts/application
  Rendered home/index.html.erb within layouts/application (Duration: 0.6ms | GC: 0.0ms)
  Rendered layout layouts/application.html.erb (Duration: 9.2ms | GC: 0.7ms)
Completed 200 OK in 52ms (Views: 12.9ms | ActiveRecord: 0.0ms (0 queries, 0 cached) | GC: 1.5ms)


Started GET "/assets/application-8b441ae0.css" for ::1 at 2025-07-11 12:36:27 +0900
Started GET "/assets/turbo.min-3a2e143f.js" for ::1 at 2025-07-11 12:36:27 +0900
Started GET "/assets/stimulus.min-4b1e420e.js" for ::1 at 2025-07-11 12:36:27 +0900
Started GET "/assets/controllers/hello_controller-708796bd.js" for ::1 at 2025-07-11 12:36:27 +0900
Started GET "/assets/controllers/index-ee64e1f1.js" for ::1 at 2025-07-11 12:36:27 +0900
Started GET "/assets/application-bfcdf840.js" for ::1 at 2025-07-11 12:36:27 +0900
Started GET "/assets/stimulus-loading-1fc53fe7.js" for ::1 at 2025-07-11 12:36:27 +0900
Started GET "/assets/controllers/application-3affb389.js" for ::1 at 2025-07-11 12:36:27 +0900
Started GET "/" for ::1 at 2025-07-11 12:37:42 +0900
  [1m[36mActiveRecord::SchemaMigration Load (0.3ms)[0m  [1m[34mSELECT "schema_migrations"."version" FROM "schema_migrations" ORDER BY "schema_migrations"."version" ASC /*application='HelloWorldApp'*/[0m
Processing by HomeController#index as */*
  Rendering layout layouts/application.html.erb
  Rendering home/index.html.erb within layouts/application
  Rendered home/index.html.erb within layouts/application (Duration: 0.2ms | GC: 0.0ms)
  Rendered layout layouts/application.html.erb (Duration: 6.6ms | GC: 0.0ms)
Completed 200 OK in 37ms (Views: 8.8ms | ActiveRecord: 0.0ms (0 queries, 0 cached) | GC: 0.0ms)


Started GET "/" for ::1 at 2025-07-11 12:40:09 +0900
Processing by HomeController#index as */*
  Rendering layout layouts/application.html.erb
  Rendering home/index.html.erb within layouts/application
  Rendered home/index.html.erb within layouts/application (Duration: 0.9ms | GC: 0.0ms)
  Rendered layout layouts/application.html.erb (Duration: 10.7ms | GC: 0.2ms)
Completed 200 OK in 42ms (Views: 12.5ms | ActiveRecord: 0.0ms (0 queries, 0 cached) | GC: 0.6ms)


  [1m[36mActiveRecord::InternalMetadata Load (0.1ms)[0m  [1m[34mSELECT * FROM "ar_internal_metadata" WHERE "ar_internal_metadata"."key" = 'environment' ORDER BY "ar_internal_metadata"."key" ASC LIMIT 1 /*application='HelloWorldApp'*/[0m
  [1m[36mActiveRecord::InternalMetadata Create (0.5ms)[0m  [1m[32mINSERT INTO "ar_internal_metadata" ("key", "value", "created_at", "updated_at") VALUES ('environment', 'development', '2025-07-11 03:40:38.957390', '2025-07-11 03:40:38.957392') RETURNING "key" /*application='HelloWorldApp'*/[0m
  [1m[36mActiveRecord::SchemaMigration Load (0.0ms)[0m  [1m[34mSELECT "schema_migrations"."version" FROM "schema_migrations" ORDER BY "schema_migrations"."version" ASC /*application='HelloWorldApp'*/[0m
Migrating to CreateTodos (20250711034033)
  [1m[36mTRANSACTION (0.0ms)[0m  [1m[35mBEGIN immediate TRANSACTION /*application='HelloWorldApp'*/[0m
  [1m[35m (0.6ms)[0m  [1m[35mCREATE TABLE "todos" ("id" integer PRIMARY KEY AUTOINCREMENT NOT NULL, "title" varchar, "completed" boolean, "created_at" datetime(6) NOT NULL, "updated_at" datetime(6) NOT NULL) /*application='HelloWorldApp'*/[0m
  [1m[36mActiveRecord::SchemaMigration Create (0.0ms)[0m  [1m[32mINSERT INTO "schema_migrations" ("version") VALUES ('20250711034033') RETURNING "version" /*application='HelloWorldApp'*/[0m
  [1m[36mTRANSACTION (0.0ms)[0m  [1m[35mCOMMIT TRANSACTION /*application='HelloWorldApp'*/[0m
  [1m[36mActiveRecord::SchemaMigration Load (0.0ms)[0m  [1m[34mSELECT "schema_migrations"."version" FROM "schema_migrations" ORDER BY "schema_migrations"."version" ASC /*application='HelloWorldApp'*/[0m
Started GET "/" for ::1 at 2025-07-11 12:41:42 +0900
  [1m[36mActiveRecord::SchemaMigration Load (0.0ms)[0m  [1m[34mSELECT "schema_migrations"."version" FROM "schema_migrations" ORDER BY "schema_migrations"."version" ASC /*application='HelloWorldApp'*/[0m
Processing by HomeController#index as HTML
  Rendering layout layouts/application.html.erb
  Rendering home/index.html.erb within layouts/application
  Rendered home/index.html.erb within layouts/application (Duration: 0.9ms | GC: 0.0ms)
  Rendered layout layouts/application.html.erb (Duration: 8.8ms | GC: 0.0ms)
Completed 200 OK in 26ms (Views: 9.7ms | ActiveRecord: 0.0ms (0 queries, 0 cached) | GC: 0.0ms)


Started GET "/assets/controllers/counter_controller-f84faff7.js" for ::1 at 2025-07-11 12:41:42 +0900
Started GET "/assets/controllers/todo_controller-69a37614.js" for ::1 at 2025-07-11 12:41:42 +0900
Started GET "/update_time" for ::1 at 2025-07-11 12:41:47 +0900
Processing by HomeController#update_time as HTML
  Rendering layout /Users/seungbeenwi/.rbenv/versions/3.3.0/lib/ruby/gems/3.3.0/gems/turbo-rails-2.0.16/app/views/layouts/turbo_rails/frame.html.erb
  Rendering home/update_time.html.erb within layouts/turbo_rails/frame
  Rendered home/update_time.html.erb within layouts/turbo_rails/frame (Duration: 1.5ms | GC: 0.0ms)
  Rendered layout /Users/seungbeenwi/.rbenv/versions/3.3.0/lib/ruby/gems/3.3.0/gems/turbo-rails-2.0.16/app/views/layouts/turbo_rails/frame.html.erb (Duration: 2.7ms | GC: 0.0ms)
Completed 200 OK in 29ms (Views: 4.2ms | ActiveRecord: 0.0ms (0 queries, 0 cached) | GC: 0.0ms)


Started GET "/update_time" for ::1 at 2025-07-11 12:41:48 +0900
Processing by HomeController#update_time as HTML
  Rendering layout /Users/seungbeenwi/.rbenv/versions/3.3.0/lib/ruby/gems/3.3.0/gems/turbo-rails-2.0.16/app/views/layouts/turbo_rails/frame.html.erb
  Rendering home/update_time.html.erb within layouts/turbo_rails/frame
  Rendered home/update_time.html.erb within layouts/turbo_rails/frame (Duration: 0.9ms | GC: 0.0ms)
  Rendered layout /Users/seungbeenwi/.rbenv/versions/3.3.0/lib/ruby/gems/3.3.0/gems/turbo-rails-2.0.16/app/views/layouts/turbo_rails/frame.html.erb (Duration: 2.0ms | GC: 0.3ms)
Completed 200 OK in 20ms (Views: 2.3ms | ActiveRecord: 0.0ms (0 queries, 0 cached) | GC: 0.3ms)


Started GET "/update_time" for ::1 at 2025-07-11 12:41:49 +0900
Processing by HomeController#update_time as HTML
  Rendering layout /Users/seungbeenwi/.rbenv/versions/3.3.0/lib/ruby/gems/3.3.0/gems/turbo-rails-2.0.16/app/views/layouts/turbo_rails/frame.html.erb
  Rendering home/update_time.html.erb within layouts/turbo_rails/frame
  Rendered home/update_time.html.erb within layouts/turbo_rails/frame (Duration: 0.3ms | GC: 0.0ms)
  Rendered layout /Users/seungbeenwi/.rbenv/versions/3.3.0/lib/ruby/gems/3.3.0/gems/turbo-rails-2.0.16/app/views/layouts/turbo_rails/frame.html.erb (Duration: 0.6ms | GC: 0.0ms)
Completed 200 OK in 27ms (Views: 1.5ms | ActiveRecord: 0.0ms (0 queries, 0 cached) | GC: 0.0ms)


Started GET "/update_time" for ::1 at 2025-07-11 12:41:49 +0900
Processing by HomeController#update_time as HTML
  Rendering layout /Users/seungbeenwi/.rbenv/versions/3.3.0/lib/ruby/gems/3.3.0/gems/turbo-rails-2.0.16/app/views/layouts/turbo_rails/frame.html.erb
  Rendering home/update_time.html.erb within layouts/turbo_rails/frame
  Rendered home/update_time.html.erb within layouts/turbo_rails/frame (Duration: 0.3ms | GC: 0.0ms)
  Rendered layout /Users/seungbeenwi/.rbenv/versions/3.3.0/lib/ruby/gems/3.3.0/gems/turbo-rails-2.0.16/app/views/layouts/turbo_rails/frame.html.erb (Duration: 1.5ms | GC: 0.3ms)
Completed 200 OK in 27ms (Views: 2.0ms | ActiveRecord: 0.0ms (0 queries, 0 cached) | GC: 0.3ms)


  [1m[36mActiveRecord::SchemaMigration Load (0.3ms)[0m  [1m[34mSELECT "schema_migrations"."version" FROM "schema_migrations" ORDER BY "schema_migrations"."version" ASC /*application='HelloWorldApp'*/[0m
  [1m[36mTRANSACTION (0.0ms)[0m  [1m[35mBEGIN immediate TRANSACTION /*application='HelloWorldApp'*/[0m
  [1m[36mTodo Create (1.0ms)[0m  [1m[32mINSERT INTO "todos" ("title", "completed", "created_at", "updated_at") VALUES ('ë£¨ë¹„ì˜¨ ë ˆì¼ì¦ˆ í•™ìŠµí•˜ê¸°', 0, '2025-07-11 03:42:12.969147', '2025-07-11 03:42:12.969147') RETURNING "id" /*application='HelloWorldApp'*/[0m
  [1m[36mTRANSACTION (0.1ms)[0m  [1m[35mCOMMIT TRANSACTION /*application='HelloWorldApp'*/[0m
  [1m[36mTRANSACTION (1.1ms)[0m  [1m[35mBEGIN immediate TRANSACTION /*application='HelloWorldApp'*/[0m
  [1m[36mTodo Create (1.6ms)[0m  [1m[32mINSERT INTO "todos" ("title", "completed", "created_at", "updated_at") VALUES ('Hotwire íŠœí† ë¦¬ì–¼ ì™„ë£Œí•˜ê¸°', 1, '2025-07-11 03:42:12.972501', '2025-07-11 03:42:12.972501') RETURNING "id" /*application='HelloWorldApp'*/[0m
  [1m[36mTRANSACTION (0.0ms)[0m  [1m[35mCOMMIT TRANSACTION /*application='HelloWorldApp'*/[0m
  [1m[36mTRANSACTION (0.0ms)[0m  [1m[35mBEGIN immediate TRANSACTION /*application='HelloWorldApp'*/[0m
  [1m[36mTodo Create (0.8ms)[0m  [1m[32mINSERT INTO "todos" ("title", "completed", "created_at", "updated_at") VALUES ('SQLite ë°ì´í„°ë² ì´ìŠ¤ ì„¤ì •í•˜ê¸°', 1, '2025-07-11 03:42:12.978665', '2025-07-11 03:42:12.978665') RETURNING "id" /*application='HelloWorldApp'*/[0m
  [1m[36mTRANSACTION (0.0ms)[0m  [1m[35mCOMMIT TRANSACTION /*application='HelloWorldApp'*/[0m
  [1m[36mTRANSACTION (0.0ms)[0m  [1m[35mBEGIN immediate TRANSACTION /*application='HelloWorldApp'*/[0m
  [1m[36mTodo Create (4.9ms)[0m  [1m[32mINSERT INTO "todos" ("title", "completed", "created_at", "updated_at") VALUES ('REST API êµ¬í˜„í•˜ê¸°', 0, '2025-07-11 03:42:12.983719', '2025-07-11 03:42:12.983719') RETURNING "id" /*application='HelloWorldApp'*/[0m
  [1m[36mTRANSACTION (0.0ms)[0m  [1m[35mCOMMIT TRANSACTION /*application='HelloWorldApp'*/[0m
  [1m[36mTRANSACTION (0.0ms)[0m  [1m[35mBEGIN immediate TRANSACTION /*application='HelloWorldApp'*/[0m
  [1m[36mTodo Create (0.3ms)[0m  [1m[32mINSERT INTO "todos" ("title", "completed", "created_at", "updated_at") VALUES ('í”„ë¡ íŠ¸ì—”ë“œì™€ ë°±ì—”ë“œ ì—°ë™í•˜ê¸°', 0, '2025-07-11 03:42:12.993956', '2025-07-11 03:42:12.993956') RETURNING "id" /*application='HelloWorldApp'*/[0m
  [1m[36mTRANSACTION (0.3ms)[0m  [1m[35mCOMMIT TRANSACTION /*application='HelloWorldApp'*/[0m
  [1m[36mTodo Count (0.3ms)[0m  [1m[34mSELECT COUNT(*) FROM "todos" /*application='HelloWorldApp'*/[0m
Started GET "/api/todos" for ::1 at 2025-07-11 12:42:17 +0900
Processing by Api::TodosController#index as */*
  [1m[36mTodo Load (0.8ms)[0m  [1m[34mSELECT "todos".* FROM "todos" ORDER BY "todos"."created_at" DESC /*action='index',application='HelloWorldApp',controller='todos'*/[0m
  â†³ app/controllers/api/todos_controller.rb:7:in `index'
Completed 200 OK in 40ms (Views: 13.9ms | ActiveRecord: 4.8ms (1 query, 0 cached) | GC: 0.2ms)


Started GET "/" for ::1 at 2025-07-11 12:42:37 +0900
Processing by HomeController#index as HTML
  Rendering layout layouts/application.html.erb
  Rendering home/index.html.erb within layouts/application
  Rendered home/index.html.erb within layouts/application (Duration: 0.8ms | GC: 0.1ms)
  Rendered layout layouts/application.html.erb (Duration: 6.3ms | GC: 0.2ms)
Completed 200 OK in 25ms (Views: 7.8ms | ActiveRecord: 0.0ms (0 queries, 0 cached) | GC: 0.2ms)


Started GET "/assets/controllers/todo_controller-31abe249.js" for ::1 at 2025-07-11 12:42:37 +0900
Started GET "/api/todos" for ::1 at 2025-07-11 12:42:37 +0900
Processing by Api::TodosController#index as */*
  [1m[36mTodo Load (0.3ms)[0m  [1m[34mSELECT "todos".* FROM "todos" ORDER BY "todos"."created_at" DESC /*action='index',application='HelloWorldApp',controller='todos'*/[0m
  â†³ app/controllers/api/todos_controller.rb:7:in `index'
Completed 200 OK in 56ms (Views: 22.6ms | ActiveRecord: 2.3ms (1 query, 0 cached) | GC: 0.3ms)


Started PATCH "/api/todos/5" for ::1 at 2025-07-11 12:42:42 +0900
Processing by Api::TodosController#update as */*
  Parameters: {"todo"=>{"completed"=>true}, "id"=>"5"}
  [1m[36mTodo Load (0.7ms)[0m  [1m[34mSELECT "todos".* FROM "todos" WHERE "todos"."id" = 5 LIMIT 1 /*action='update',application='HelloWorldApp',controller='todos'*/[0m
  â†³ app/controllers/api/todos_controller.rb:59:in `set_todo'
  [1m[36mTRANSACTION (0.2ms)[0m  [1m[35mBEGIN immediate TRANSACTION /*action='update',application='HelloWorldApp',controller='todos'*/[0m
  â†³ app/controllers/api/todos_controller.rb:43:in `update'
  [1m[36mTodo Update (1.2ms)[0m  [1m[33mUPDATE "todos" SET "completed" = 1, "updated_at" = '2025-07-11 03:42:42.712106' WHERE "todos"."id" = 5 /*action='update',application='HelloWorldApp',controller='todos'*/[0m
  â†³ app/controllers/api/todos_controller.rb:43:in `update'
  [1m[36mTRANSACTION (0.7ms)[0m  [1m[35mCOMMIT TRANSACTION /*action='update',application='HelloWorldApp',controller='todos'*/[0m
  â†³ app/controllers/api/todos_controller.rb:43:in `update'
Completed 200 OK in 58ms (Views: 4.5ms | ActiveRecord: 2.8ms (2 queries, 0 cached) | GC: 0.1ms)


Started PATCH "/api/todos/5" for ::1 at 2025-07-11 12:42:43 +0900
Processing by Api::TodosController#update as */*
  Parameters: {"todo"=>{"completed"=>false}, "id"=>"5"}
  [1m[36mTodo Load (0.1ms)[0m  [1m[34mSELECT "todos".* FROM "todos" WHERE "todos"."id" = 5 LIMIT 1 /*action='update',application='HelloWorldApp',controller='todos'*/[0m
  â†³ app/controllers/api/todos_controller.rb:59:in `set_todo'
  [1m[36mTRANSACTION (0.0ms)[0m  [1m[35mBEGIN immediate TRANSACTION /*action='update',application='HelloWorldApp',controller='todos'*/[0m
  â†³ app/controllers/api/todos_controller.rb:43:in `update'
  [1m[36mTodo Update (0.3ms)[0m  [1m[33mUPDATE "todos" SET "completed" = 0, "updated_at" = '2025-07-11 03:42:43.219798' WHERE "todos"."id" = 5 /*action='update',application='HelloWorldApp',controller='todos'*/[0m
  â†³ app/controllers/api/todos_controller.rb:43:in `update'
  [1m[36mTRANSACTION (0.3ms)[0m  [1m[35mCOMMIT TRANSACTION /*action='update',application='HelloWorldApp',controller='todos'*/[0m
  â†³ app/controllers/api/todos_controller.rb:43:in `update'
Completed 200 OK in 19ms (Views: 0.1ms | ActiveRecord: 0.3ms (2 queries, 0 cached) | GC: 0.0ms)


Started PATCH "/api/todos/1" for ::1 at 2025-07-11 12:42:47 +0900
Processing by Api::TodosController#update as */*
  Parameters: {"todo"=>{"completed"=>true}, "id"=>"1"}
  [1m[36mTodo Load (0.3ms)[0m  [1m[34mSELECT "todos".* FROM "todos" WHERE "todos"."id" = 1 LIMIT 1 /*action='update',application='HelloWorldApp',controller='todos'*/[0m
  â†³ app/controllers/api/todos_controller.rb:59:in `set_todo'
  [1m[36mTRANSACTION (0.0ms)[0m  [1m[35mBEGIN immediate TRANSACTION /*action='update',application='HelloWorldApp',controller='todos'*/[0m
  â†³ app/controllers/api/todos_controller.rb:43:in `update'
  [1m[36mTodo Update (0.6ms)[0m  [1m[33mUPDATE "todos" SET "completed" = 1, "updated_at" = '2025-07-11 03:42:47.784698' WHERE "todos"."id" = 1 /*action='update',application='HelloWorldApp',controller='todos'*/[0m
  â†³ app/controllers/api/todos_controller.rb:43:in `update'
  [1m[36mTRANSACTION (0.0ms)[0m  [1m[35mCOMMIT TRANSACTION /*action='update',application='HelloWorldApp',controller='todos'*/[0m
  â†³ app/controllers/api/todos_controller.rb:43:in `update'
Completed 200 OK in 38ms (Views: 0.4ms | ActiveRecord: 0.7ms (2 queries, 0 cached) | GC: 0.0ms)


Started PATCH "/api/todos/1" for ::1 at 2025-07-11 12:42:48 +0900
Processing by Api::TodosController#update as */*
  Parameters: {"todo"=>{"completed"=>false}, "id"=>"1"}
  [1m[36mTodo Load (0.0ms)[0m  [1m[34mSELECT "todos".* FROM "todos" WHERE "todos"."id" = 1 LIMIT 1 /*action='update',application='HelloWorldApp',controller='todos'*/[0m
  â†³ app/controllers/api/todos_controller.rb:59:in `set_todo'
  [1m[36mTRANSACTION (0.0ms)[0m  [1m[35mBEGIN immediate TRANSACTION /*action='update',application='HelloWorldApp',controller='todos'*/[0m
  â†³ app/controllers/api/todos_controller.rb:43:in `update'
  [1m[36mTodo Update (0.3ms)[0m  [1m[33mUPDATE "todos" SET "completed" = 0, "updated_at" = '2025-07-11 03:42:48.496065' WHERE "todos"."id" = 1 /*action='update',application='HelloWorldApp',controller='todos'*/[0m
  â†³ app/controllers/api/todos_controller.rb:43:in `update'
  [1m[36mTRANSACTION (0.2ms)[0m  [1m[35mCOMMIT TRANSACTION /*action='update',application='HelloWorldApp',controller='todos'*/[0m
  â†³ app/controllers/api/todos_controller.rb:43:in `update'
Completed 200 OK in 32ms (Views: 0.7ms | ActiveRecord: 1.8ms (2 queries, 0 cached) | GC: 0.1ms)


Started PATCH "/api/todos/4" for ::1 at 2025-07-11 12:42:49 +0900
Processing by Api::TodosController#update as */*
  Parameters: {"todo"=>{"completed"=>true}, "id"=>"4"}
  [1m[36mTodo Load (0.1ms)[0m  [1m[34mSELECT "todos".* FROM "todos" WHERE "todos"."id" = 4 LIMIT 1 /*action='update',application='HelloWorldApp',controller='todos'*/[0m
  â†³ app/controllers/api/todos_controller.rb:59:in `set_todo'
  [1m[36mTRANSACTION (0.0ms)[0m  [1m[35mBEGIN immediate TRANSACTION /*action='update',application='HelloWorldApp',controller='todos'*/[0m
  â†³ app/controllers/api/todos_controller.rb:43:in `update'
  [1m[36mTodo Update (0.4ms)[0m  [1m[33mUPDATE "todos" SET "completed" = 1, "updated_at" = '2025-07-11 03:42:49.771107' WHERE "todos"."id" = 4 /*action='update',application='HelloWorldApp',controller='todos'*/[0m
  â†³ app/controllers/api/todos_controller.rb:43:in `update'
  [1m[36mTRANSACTION (0.0ms)[0m  [1m[35mCOMMIT TRANSACTION /*action='update',application='HelloWorldApp',controller='todos'*/[0m
  â†³ app/controllers/api/todos_controller.rb:43:in `update'
Completed 200 OK in 37ms (Views: 1.2ms | ActiveRecord: 0.6ms (2 queries, 0 cached) | GC: 0.0ms)


Started PATCH "/api/todos/4" for ::1 at 2025-07-11 12:42:50 +0900
Processing by Api::TodosController#update as */*
  Parameters: {"todo"=>{"completed"=>false}, "id"=>"4"}
  [1m[36mTodo Load (0.1ms)[0m  [1m[34mSELECT "todos".* FROM "todos" WHERE "todos"."id" = 4 LIMIT 1 /*action='update',application='HelloWorldApp',controller='todos'*/[0m
  â†³ app/controllers/api/todos_controller.rb:59:in `set_todo'
  [1m[36mTRANSACTION (0.0ms)[0m  [1m[35mBEGIN immediate TRANSACTION /*action='update',application='HelloWorldApp',controller='todos'*/[0m
  â†³ app/controllers/api/todos_controller.rb:43:in `update'
  [1m[36mTodo Update (0.3ms)[0m  [1m[33mUPDATE "todos" SET "completed" = 0, "updated_at" = '2025-07-11 03:42:50.298168' WHERE "todos"."id" = 4 /*action='update',application='HelloWorldApp',controller='todos'*/[0m
  â†³ app/controllers/api/todos_controller.rb:43:in `update'
  [1m[36mTRANSACTION (0.0ms)[0m  [1m[35mCOMMIT TRANSACTION /*action='update',application='HelloWorldApp',controller='todos'*/[0m
  â†³ app/controllers/api/todos_controller.rb:43:in `update'
Completed 200 OK in 31ms (Views: 0.2ms | ActiveRecord: 0.4ms (2 queries, 0 cached) | GC: 0.0ms)


Started GET "/update_time" for ::1 at 2025-07-11 12:43:18 +0900
Processing by HomeController#update_time as HTML
  Rendering layout /Users/seungbeenwi/.rbenv/versions/3.3.0/lib/ruby/gems/3.3.0/gems/turbo-rails-2.0.16/app/views/layouts/turbo_rails/frame.html.erb
  Rendering home/update_time.html.erb within layouts/turbo_rails/frame
  Rendered home/update_time.html.erb within layouts/turbo_rails/frame (Duration: 0.7ms | GC: 0.0ms)
  Rendered layout /Users/seungbeenwi/.rbenv/versions/3.3.0/lib/ruby/gems/3.3.0/gems/turbo-rails-2.0.16/app/views/layouts/turbo_rails/frame.html.erb (Duration: 2.1ms | GC: 0.0ms)
Completed 200 OK in 37ms (Views: 6.6ms | ActiveRecord: 0.0ms (0 queries, 0 cached) | GC: 3.6ms)


Started GET "/api/todos/stats" for ::1 at 2025-07-11 12:43:49 +0900
Processing by Api::TodosController#stats as */*
  [1m[36mTodo Count (0.1ms)[0m  [1m[34mSELECT COUNT(*) FROM "todos" /*action='stats',application='HelloWorldApp',controller='todos'*/[0m
  â†³ app/controllers/api/todos_controller.rb:12:in `stats'
  [1m[36mTodo Count (0.3ms)[0m  [1m[34mSELECT COUNT(*) FROM "todos" WHERE "todos"."completed" = 1 /*action='stats',application='HelloWorldApp',controller='todos'*/[0m
  â†³ app/controllers/api/todos_controller.rb:13:in `stats'
  [1m[36mTodo Count (0.0ms)[0m  [1m[34mSELECT COUNT(*) FROM "todos" WHERE "todos"."completed" = 0 /*action='stats',application='HelloWorldApp',controller='todos'*/[0m
  â†³ app/controllers/api/todos_controller.rb:14:in `stats'
Completed 200 OK in 23ms (Views: 0.3ms | ActiveRecord: 0.4ms (3 queries, 0 cached) | GC: 0.3ms)


Started GET "/" for ::1 at 2025-07-11 12:43:56 +0900
Processing by HomeController#index as */*
  Rendering layout layouts/application.html.erb
  Rendering home/index.html.erb within layouts/application
  Rendered home/index.html.erb within layouts/application (Duration: 1.1ms | GC: 0.0ms)
  Rendered layout layouts/application.html.erb (Duration: 5.2ms | GC: 0.3ms)
Completed 200 OK in 22ms (Views: 6.3ms | ActiveRecord: 0.0ms (0 queries, 0 cached) | GC: 0.3ms)


